<?xml version="1.0" encoding="UTF-8"?>
<testsuite name="com.team13.fantree.dto.PostResponseDtoTest" tests="1" skipped="0" failures="0" errors="0" timestamp="2024-06-17T04:19:39" hostname="승훈" time="0.057">
  <properties/>
  <testcase name="PostResponseDto Initialization Success" classname="com.team13.fantree.dto.PostResponseDtoTest" time="0.057"/>
  <system-out><![CDATA[]]></system-out>
  <system-err><![CDATA[]]></system-err>
</testsuite>
